Euler CLI 2.0 doc

Usage:
	euler2 (-h | --help)
	euler2 --version
	euler2 check <inputfile>
	euler2 align <inputfile>... [-o OUTFOLDER] [-e METHOD] [-r TOOL] [--consistency] [--hidemirdisjoint] [--disablecov] [--disablesib] [--repair=WAY] [--artRem] [--fourinone] [--xia] [--ur] [--ie] [--ieo]
	euler2 show <name>
	euler2 show [-o OUTFOLDER] <name>
	euler2 show <inputfile> [-o OUTFOLDER] iv


Options:
    -h --help		  Show this screen.
    --version		  Show version.
    -e METHOD		  Set the encoding method, including mnpw, mncb, mnve, vrpw, vrve [default: mnpw].
    -r TOOl		  Set the reasoner, including dlv and gringo [default: dlv].
    -o OUTFOLDER	  Set the output folder, ignore it to use the current folder.
    --consistency	  Check consistency ONLY.
    --disablecov	  Disable coverage.
    --disablesib	  Disable sibling disjointness.
    --repair WAY	  Repair inconsistency.
    --artRem		  Articulation remover.
    --fourinone		  Four in one lattice.
    --xia		  Extract input file.
    --ur		  Uncertainty reduction.
    <name>		  The knowledge product you want to show, including: 
    				iv (input visualization)
    				pw (possible worlds)
    				sv (summary view, including aggregate view, cluster view, hierarchy view)
